mode: set
github.com/avshetty1980/webcrawler/configureCrawler.go:17.76,21.53 3 1
github.com/avshetty1980/webcrawler/configureCrawler.go:21.53,24.3 2 1
github.com/avshetty1980/webcrawler/configureCrawler.go:26.2,27.13 2 1
github.com/avshetty1980/webcrawler/configureCrawler.go:30.69,32.16 2 1
github.com/avshetty1980/webcrawler/configureCrawler.go:32.16,34.3 1 0
github.com/avshetty1980/webcrawler/configureCrawler.go:36.2,42.8 1 1
github.com/avshetty1980/webcrawler/crawlPage.go:11.48,14.15 2 1
github.com/avshetty1980/webcrawler/crawlPage.go:14.15,17.3 2 1
github.com/avshetty1980/webcrawler/crawlPage.go:19.2,20.16 2 1
github.com/avshetty1980/webcrawler/crawlPage.go:20.16,23.3 2 0
github.com/avshetty1980/webcrawler/crawlPage.go:25.2,25.53 1 1
github.com/avshetty1980/webcrawler/crawlPage.go:25.53,27.3 1 1
github.com/avshetty1980/webcrawler/crawlPage.go:29.2,30.18 2 1
github.com/avshetty1980/webcrawler/crawlPage.go:30.18,32.3 1 1
github.com/avshetty1980/webcrawler/crawlPage.go:34.2,35.16 2 0
github.com/avshetty1980/webcrawler/crawlPage.go:35.16,38.3 2 0
github.com/avshetty1980/webcrawler/crawlPage.go:40.2,41.16 2 0
github.com/avshetty1980/webcrawler/crawlPage.go:41.16,44.3 2 0
github.com/avshetty1980/webcrawler/crawlPage.go:46.2,46.40 1 0
github.com/avshetty1980/webcrawler/crawlPage.go:46.40,49.3 2 0
github.com/avshetty1980/webcrawler/main.go:11.13,18.16 4 0
github.com/avshetty1980/webcrawler/main.go:18.16,21.3 2 0
github.com/avshetty1980/webcrawler/main.go:23.2,30.16 6 0
github.com/avshetty1980/webcrawler/main.go:30.16,32.3 1 0
github.com/avshetty1980/webcrawler/main.go:33.2,35.43 2 0
github.com/avshetty1980/webcrawler/client/retrieveHTML.go:10.50,13.16 2 1
github.com/avshetty1980/webcrawler/client/retrieveHTML.go:13.16,15.3 1 1
github.com/avshetty1980/webcrawler/client/retrieveHTML.go:16.2,18.46 2 1
github.com/avshetty1980/webcrawler/client/retrieveHTML.go:18.46,20.3 1 1
github.com/avshetty1980/webcrawler/client/retrieveHTML.go:22.2,23.49 2 1
github.com/avshetty1980/webcrawler/client/retrieveHTML.go:23.49,25.3 1 1
github.com/avshetty1980/webcrawler/client/retrieveHTML.go:27.2,29.16 2 1
github.com/avshetty1980/webcrawler/client/retrieveHTML.go:29.16,31.3 1 0
github.com/avshetty1980/webcrawler/client/retrieveHTML.go:32.2,32.33 1 1
github.com/avshetty1980/webcrawler/standardURL/getURLs.go:11.75,14.16 2 1
github.com/avshetty1980/webcrawler/standardURL/getURLs.go:14.16,16.3 1 0
github.com/avshetty1980/webcrawler/standardURL/getURLs.go:18.2,20.40 3 1
github.com/avshetty1980/webcrawler/standardURL/getURLs.go:20.40,21.56 1 1
github.com/avshetty1980/webcrawler/standardURL/getURLs.go:21.56,22.37 1 1
github.com/avshetty1980/webcrawler/standardURL/getURLs.go:22.37,23.29 1 1
github.com/avshetty1980/webcrawler/standardURL/getURLs.go:23.29,25.14 1 0
github.com/avshetty1980/webcrawler/standardURL/getURLs.go:27.5,28.19 2 1
github.com/avshetty1980/webcrawler/standardURL/getURLs.go:28.19,30.14 2 1
github.com/avshetty1980/webcrawler/standardURL/getURLs.go:33.5,34.46 2 1
github.com/avshetty1980/webcrawler/standardURL/getURLs.go:39.3,39.73 1 1
github.com/avshetty1980/webcrawler/standardURL/getURLs.go:39.73,41.4 1 1
github.com/avshetty1980/webcrawler/standardURL/getURLs.go:43.2,45.18 2 1
github.com/avshetty1980/webcrawler/report/report.go:10.63,22.58 3 1
github.com/avshetty1980/webcrawler/report/report.go:22.58,24.3 1 0
github.com/avshetty1980/webcrawler/report/report.go:26.2,26.32 1 1
github.com/avshetty1980/webcrawler/report/report.go:26.32,28.46 2 1
github.com/avshetty1980/webcrawler/report/report.go:28.46,30.4 1 0
